`torch_dtype` is deprecated! Use `dtype` instead!
======================================================================
CHAIN EXPERIMENT: G1 â†’ G2 â†’ G3 â†’ G4 â†’ G5
======================================================================
Loading checkpoint shards:   0%|          | 0/4 [00:00<?, ?it/s]Loading checkpoint shards:  25%|â–ˆâ–ˆâ–Œ       | 1/4 [00:00<00:02,  1.27it/s]Loading checkpoint shards:  50%|â–ˆâ–ˆâ–ˆâ–ˆâ–ˆ     | 2/4 [00:01<00:01,  1.25it/s]Loading checkpoint shards:  75%|â–ˆâ–ˆâ–ˆâ–ˆâ–ˆâ–ˆâ–ˆâ–Œ  | 3/4 [00:02<00:00,  1.29it/s]Loading checkpoint shards: 100%|â–ˆâ–ˆâ–ˆâ–ˆâ–ˆâ–ˆâ–ˆâ–ˆâ–ˆâ–ˆ| 4/4 [00:02<00:00,  1.86it/s]Loading checkpoint shards: 100%|â–ˆâ–ˆâ–ˆâ–ˆâ–ˆâ–ˆâ–ˆâ–ˆâ–ˆâ–ˆ| 4/4 [00:02<00:00,  1.59it/s]
Graph 1 clusters:
  0: ['alpha', 'beta', 'foxtrot', 'oscar']
  1: ['november', 'lima', 'india', 'juliet']
  2: ['gamma', 'papa', 'echo', 'hotel']
  3: ['kilo', 'mike', 'delta', 'golf']

Graph 2 clusters:
  0: ['golf', 'gamma', 'india', 'november']
  1: ['juliet', 'mike', 'kilo', 'delta']
  2: ['alpha', 'papa', 'oscar', 'foxtrot']
  3: ['lima', 'hotel', 'beta', 'echo']

Graph 3 clusters:
  0: ['beta', 'november', 'india', 'foxtrot']
  1: ['echo', 'oscar', 'alpha', 'hotel']
  2: ['delta', 'golf', 'gamma', 'mike']
  3: ['lima', 'juliet', 'papa', 'kilo']

Graph 4 clusters:
  0: ['alpha', 'foxtrot', 'gamma', 'oscar']
  1: ['mike', 'hotel', 'echo', 'kilo']
  2: ['lima', 'juliet', 'november', 'papa']
  3: ['delta', 'beta', 'golf', 'india']

Graph 5 clusters:
  0: ['oscar', 'kilo', 'echo', 'papa']
  1: ['foxtrot', 'india', 'juliet', 'november']
  2: ['beta', 'delta', 'alpha', 'gamma']
  3: ['hotel', 'mike', 'lima', 'golf']


Chain structure: G1(1000) â†’ G2(1000) â†’ G3(1000) â†’ G4(1000) â†’ G5(1000)
Total length: 5000
Boundaries: [0, 1000, 2000, 3000, 4000, 5000]

Sampling at 99 positions...
  Position 50... in G1 region
  Position 100... in G1 region
  Position 150... in G1 region
  Position 200... in G1 region
  Position 250... in G1 region
  Position 300... in G1 region
  Position 350... in G1 region
  Position 400... in G1 region
  Position 450... in G1 region
  Position 500... in G1 region
  Position 550... in G1 region
  Position 600... in G1 region
  Position 650... in G1 region
  Position 700... in G1 region
  Position 750... in G1 region
  Position 800... in G1 region
  Position 850... in G1 region
  Position 900... in G1 region
  Position 950... in G1 region
  Position 1000... in G2 region
  Position 1050... in G2 region
  Position 1100... in G2 region
  Position 1150... in G2 region
  Position 1200... in G2 region
  Position 1250... in G2 region
  Position 1300... in G2 region
  Position 1350... in G2 region
  Position 1400... in G2 region
  Position 1450... in G2 region
  Position 1500... in G2 region
  Position 1550... in G2 region
  Position 1600... in G2 region
  Position 1650... in G2 region
  Position 1700... in G2 region
  Position 1750... in G2 region
  Position 1800... in G2 region
  Position 1850... in G2 region
  Position 1900... in G2 region
  Position 1950... in G2 region
  Position 2000... in G3 region
  Position 2050... in G3 region
  Position 2100... in G3 region
  Position 2150... in G3 region
  Position 2200... in G3 region
  Position 2250... in G3 region
  Position 2300... in G3 region
  Position 2350... in G3 region
  Position 2400... in G3 region
  Position 2450... in G3 region
  Position 2500... in G3 region
  Position 2550... in G3 region
  Position 2600... in G3 region
  Position 2650... in G3 region
  Position 2700... in G3 region
  Position 2750... in G3 region
  Position 2800... in G3 region
  Position 2850... in G3 region
  Position 2900... in G3 region
  Position 2950... in G3 region
  Position 3000... in G4 region
  Position 3050... in G4 region
  Position 3100... in G4 region
  Position 3150... in G4 region
  Position 3200... in G4 region
  Position 3250... in G4 region
  Position 3300... in G4 region
  Position 3350... in G4 region
  Position 3400... in G4 region
  Position 3450... in G4 region
  Position 3500... in G4 region
  Position 3550... in G4 region
  Position 3600... in G4 region
  Position 3650... in G4 region
  Position 3700... in G4 region
  Position 3750... in G4 region
  Position 3800... in G4 region
  Position 3850... in G4 region
  Position 3900... in G4 region
  Position 3950... in G4 region
  Position 4000... in G5 region
  Position 4050... in G5 region
  Position 4100... in G5 region
  Position 4150... in G5 region
  Position 4200... in G5 region
  Position 4250... in G5 region
  Position 4300... in G5 region
  Position 4350... in G5 region
  Position 4400... in G5 region
  Position 4450... in G5 region
  Position 4500... in G5 region
  Position 4550... in G5 region
  Position 4600... in G5 region
  Position 4650... in G5 region
  Position 4700... in G5 region
  Position 4750... in G5 region
  Position 4800... in G5 region
  Position 4850... in G5 region
  Position 4900... in G5 region
  Position 4950... wandb: Currently logged in as: thomasjiralerspong to https://api.wandb.ai. Use `wandb login --relogin` to force relogin
wandb: Tracking run with wandb version 0.23.1
wandb: Run data is saved locally in /workspace/research/projects/in_context_representation_influence/wandb/run-20260106_205541-mh4eezuc
wandb: Run `wandb offline` to turn off syncing.
wandb: Syncing run chain-experiment-5-graphs
wandb: â­ï¸ View project at https://wandb.ai/thomasjiralerspong/icl-structural-influence
wandb: ðŸš€ View run at https://wandb.ai/thomasjiralerspong/icl-structural-influence/runs/mh4eezuc
wandb: updating run metadata; uploading data; uploading requirements.txt
wandb: uploading media/html/chain_linear_scale_0_2daa63775874f75d271d.html; uploading media/html/chain_log_scale_0_0150de0d8725a3470a90.html
wandb: ðŸš€ View run chain-experiment-5-graphs at: https://wandb.ai/thomasjiralerspong/icl-structural-influence/runs/mh4eezuc
wandb: â­ï¸ View project at: https://wandb.ai/thomasjiralerspong/icl-structural-influence
wandb: Synced 6 W&B file(s), 2 media file(s), 0 artifact file(s) and 0 other file(s)
wandb: Find logs at: ./wandb/run-20260106_205541-mh4eezuc/logs
in G5 region

======================================================================
Creating visualization...
Saved: results/context_switch/chain_experiment.html
Saved: results/context_switch/chain_experiment_linear.html

Logging to W&B...
Run URL: https://wandb.ai/thomasjiralerspong/icl-structural-influence/runs/mh4eezuc

======================================================================
SUMMARY
======================================================================
Each graph's pairs should have LOW distance when in that graph's region,
and HIGH distance in other regions.
======================================================================
